<?xml version="1.0" encoding="UTF-8"?>
<!-- Generated by org.testng.reporters.JUnitXMLReporter -->
<testsuite ignored="0" hostname="DESKTOP-8C2N8MV" failures="0" tests="3" name="Run on Firefox" time="6.601" errors="0" timestamp="15 thg 8 2022 11:17:27 GMT">
  <testcase classname="com.nopcommerce.user.Level_4_Multiple_Browser" name="Login_01_Empty_Data" time="0.855"/>
  <testcase classname="com.nopcommerce.user.Level_4_Multiple_Browser" name="Login_02_Invalid_Email" time="0.735"/>
  <testcase classname="com.nopcommerce.user.Level_4_Multiple_Browser" name="Login_03_Not_Registed_Email" time="0.853"/>
</testsuite> <!-- Run on Firefox -->
