<?xml version="1.0" encoding="UTF-8"?>
<!-- Generated by org.testng.reporters.JUnitXMLReporter -->
<testsuite ignored="0" hostname="DESKTOP-8C2N8MV" failures="0" tests="4" name="Run on Chrome" time="16.961" errors="0" timestamp="11 thg 8 2022 10:05:57 GMT">
  <testcase classname="com.nopcommerce.user.Level_2_Apply_BasePage_2" name="TC_03_Register_Success" time="4.345"/>
  <testcase classname="com.nopcommerce.user.Level_2_Apply_BasePage_2" name="TC_04_REgister_Existing_Email" time="2.876"/>
  <testcase classname="com.nopcommerce.user.Level_2_Apply_BasePage_2" name="TC_05_Register_Password_Less_Than_6_Chars" time="2.768"/>
  <testcase classname="com.nopcommerce.user.Level_2_Apply_BasePage_2" name="TC_06_Password_And_ConfirmPassword_Is_Differrent" time="3.293"/>
</testsuite> <!-- Run on Chrome -->
