<?xml version="1.0" encoding="UTF-8"?>
<!-- Generated by org.testng.reporters.JUnitXMLReporter -->
<testsuite ignored="0" hostname="DESKTOP-8C2N8MV" failures="0" tests="4" name="Run on Edge" time="15.79" errors="0" timestamp="11 thg 8 2022 10:06:13 GMT">
  <testcase classname="com.nopcommerce.user.Level_2_Apply_BasePage_2" name="TC_03_Register_Success" time="4.145"/>
  <testcase classname="com.nopcommerce.user.Level_2_Apply_BasePage_2" name="TC_04_REgister_Existing_Email" time="2.889"/>
  <testcase classname="com.nopcommerce.user.Level_2_Apply_BasePage_2" name="TC_05_Register_Password_Less_Than_6_Chars" time="2.757"/>
  <testcase classname="com.nopcommerce.user.Level_2_Apply_BasePage_2" name="TC_06_Password_And_ConfirmPassword_Is_Differrent" time="3.22"/>
</testsuite> <!-- Run on Edge -->
