<?xml version="1.0" encoding="UTF-8"?>
<!-- Generated by org.testng.reporters.JUnitXMLReporter -->
<testsuite ignored="0" hostname="DESKTOP-8C2N8MV" failures="0" tests="2" name="Run on Firefox" time="10.707" errors="0" timestamp="25 thg 8 2022 15:49:48 GMT">
  <testcase classname="com.jquery.datatable.Level_11_Upload_Files" name="TC_01_Upload_1_File_Per_Time" time="2.184"/>
  <testcase classname="com.jquery.datatable.Level_11_Upload_Files" name="TC_02_Upload_Multiple_File_Per_Time" time="2.073"/>
</testsuite> <!-- Run on Firefox -->
