<?xml version="1.0" encoding="UTF-8"?>
<!-- Generated by org.testng.reporters.JUnitXMLReporter -->
<testsuite ignored="0" hostname="DESKTOP-8C2N8MV" failures="0" tests="3" name="Run on Edge" time="0.005" errors="0" timestamp="15 thg 8 2022 11:17:27 GMT">
  <testcase classname="com.nopcommerce.user.Level_4_Multiple_Browser" name="@BeforeClass beforeClass" time="0.0">
    <failure type="java.lang.NullPointerException" message="Cannot invoke &amp;quot;org.openqa.selenium.WebDriver.manage()&amp;quot; because &amp;quot;this.driver&amp;quot; is null">
      <![CDATA[java.lang.NullPointerException: Cannot invoke "org.openqa.selenium.WebDriver.manage()" because "this.driver" is null
at com.nopcommerce.user.Level_4_Multiple_Browser.beforeClass(Level_4_Multiple_Browser.java:34)
... Removed 26 stack frames]]>
    </failure>
  </testcase> <!-- @BeforeClass beforeClass -->
  <testcase classname="com.nopcommerce.user.Level_4_Multiple_Browser" name="@AfterClass afterClass" time="0.0">
    <skipped/>
  </testcase> <!-- @AfterClass afterClass -->
  <testcase classname="com.nopcommerce.user.Level_4_Multiple_Browser" name="Login_01_Empty_Data" time="0.0">
    <skipped/>
  </testcase> <!-- Login_01_Empty_Data -->
  <testcase classname="com.nopcommerce.user.Level_4_Multiple_Browser" name="Login_02_Invalid_Email" time="0.0">
    <skipped/>
  </testcase> <!-- Login_02_Invalid_Email -->
  <testcase classname="com.nopcommerce.user.Level_4_Multiple_Browser" name="Login_03_Not_Registed_Email" time="0.0">
    <skipped/>
  </testcase> <!-- Login_03_Not_Registed_Email -->
</testsuite> <!-- Run on Edge -->
