<?xml version="1.0" encoding="UTF-8"?>
<testng-results ignored="0" total="1" passed="1" failed="0" skipped="0">
  <reporter-output>
  </reporter-output>
  <suite started-at="2022-08-23T10:41:46Z" name="NopCommerce" finished-at="2022-08-23T10:42:25Z" duration-ms="38296">
    <groups>
    </groups>
    <test started-at="2022-08-23T10:41:46Z" name="Run on Firefox" finished-at="2022-08-23T10:42:25Z" duration-ms="38296">
      <class name="com.jquery.datatable.Level_10_DataTable_DataGrid">
        <test-method is-config="true" signature="beforeClass(java.lang.String)[pri:0, instance:com.jquery.datatable.Level_10_DataTable_DataGrid@c0c2f8d]" started-at="2022-08-23T10:41:46Z" name="beforeClass" finished-at="2022-08-23T10:41:51Z" duration-ms="4421" status="PASS">
          <params>
            <param index="0">
              <value>
                <![CDATA[firefox]]>
              </value>
            </param>
          </params>
          <reporter-output>
          </reporter-output>
        </test-method> <!-- beforeClass -->
        <test-method signature="TC_03_Get_Data()[pri:0, instance:com.jquery.datatable.Level_10_DataTable_DataGrid@c0c2f8d]" started-at="2022-08-23T10:41:51Z" name="TC_03_Get_Data" finished-at="2022-08-23T10:42:24Z" duration-ms="33325" status="PASS">
          <reporter-output>
          </reporter-output>
        </test-method> <!-- TC_03_Get_Data -->
        <test-method is-config="true" signature="afterClass()[pri:0, instance:com.jquery.datatable.Level_10_DataTable_DataGrid@c0c2f8d]" started-at="2022-08-23T10:42:24Z" name="afterClass" finished-at="2022-08-23T10:42:25Z" duration-ms="539" status="PASS">
          <reporter-output>
          </reporter-output>
        </test-method> <!-- afterClass -->
      </class> <!-- com.jquery.datatable.Level_10_DataTable_DataGrid -->
    </test> <!-- Run on Firefox -->
  </suite> <!-- NopCommerce -->
</testng-results>
